build/app/outputs/mapping/release/mapping.txt
# compiler: R8
# compiler_version: 1.5.64
# min_api: 21
# pg_map_id: a6c9f69
...
com.google.android.gms.internal.ads.zzamt -> com.google.android.gms.internal.ads.ec:
    android.view.ViewTreeObserver$OnGlobalLayoutListener zzcun -> f
    android.view.ViewTreeObserver$OnScrollChangedListener zzcuo -> g
    android.view.View mView -> a
    boolean zzcum -> e
    boolean zzcuk -> c
    android.app.Activity zzcuj -> b
    boolean zzcul -> d
    void onAttachedToWindow() -> a
    void zzi(android.app.Activity) -> a
    void onDetachedFromWindow() -> b
    android.view.ViewTreeObserver zzj(android.app.Activity) -> b
    void zzsc() -> c
    void zzsd() -> d
    void zzse() -> e
    void zzsf() -> f
com.google.android.gms.internal.ads.zzamu -> com.google.android.gms.internal.ads.fc:
    java.lang.String zzcuu -> g
    java.lang.String zzcut -> f
    android.os.Handler zzsy -> a
    java.lang.String zzcuq -> c
    java.lang.String zzcup -> b
    java.lang.String zzcus -> e
    java.lang.String zzcur -> d
    int zza(android.content.Context,int) -> a
    int zza(android.util.DisplayMetrics,int) -> a
    java.lang.String zza(java.lang.StackTraceElement[],java.lang.String) -> a
    void zza(android.content.Context,java.lang.String,java.lang.String,android.os.Bundle,boolean) -> a
    void zza(android.content.Context,java.lang.String,java.lang.String,android.os.Bundle,boolean,com.google.android.gms.internal.ads.zzamx) -> a
    void zza(android.view.ViewGroup,com.google.android.gms.internal.ads.zzjn,java.lang.String) -> a
    void zza(android.view.ViewGroup,com.google.android.gms.internal.ads.zzjn,java.lang.String,int,int) -> a
    void zza(android.view.ViewGroup,com.google.android.gms.internal.ads.zzjn,java.lang.String,java.lang.String) -> a
    void zza(boolean,java.net.HttpURLConnection,java.lang.String) -> a
    java.lang.String zzbc(android.content.Context) -> a
    java.lang.Throwable zzc(java.lang.Throwable) -> a
    java.lang.String zzde(java.lang.String) -> a
    boolean zzsg() -> a
    int zzb(android.content.Context,int) -> b
    int zzb(android.util.DisplayMetrics,int) -> b
    java.lang.String zzbd(android.content.Context) -> b
com.google.android.gms.internal.ads.zzamv -> com.google.android.gms.internal.ads.gc:
    void zzcz(java.lang.String) -> a
com.google.android.gms.internal.ads.zzamw -> com.google.android.gms.internal.ads.hc:
    java.lang.String zzcce -> a
com.google.android.gms.internal.ads.zzamx -> com.google.android.gms.internal.ads.ic:
    void zzcz(java.lang.String) -> a
com.google.android.gms.internal.ads.zzamy -> com.google.android.gms.internal.ads.jc:
    java.util.List zzcuz -> a
    com.google.android.gms.common.util.Clock zzcux -> e
    java.util.Set zzcuy -> f
    java.lang.Object sLock -> b
    boolean zzcuv -> c
    boolean zzcuw -> d
    boolean isEnabled() -> a
    void zza(int,java.util.Map,android.util.JsonWriter) -> a
    void zza(android.util.JsonWriter,java.util.Map) -> a
    void zza(java.lang.String,android.util.JsonWriter) -> a
    void zza(java.lang.String,com.google.android.gms.internal.ads.zzand) -> a
    void zza(java.lang.String,java.lang.String,java.util.Map,byte[]) -> a
    void zza(java.lang.String,java.lang.String,java.util.Map,byte[],android.util.JsonWriter) -> a
    void zza(java.net.HttpURLConnection,int) -> a
    void zza(java.net.HttpURLConnection,byte[]) -> a
    void zza(java.util.Map,int) -> a
    void zza(byte[],android.util.JsonWriter) -> a
    void zzaf(boolean) -> a
    boolean zzbl(android.content.Context) -> a
    void zzdg(java.lang.String) -> a
    void zzf(byte[]) -> a
    void zzb(java.lang.String,java.lang.String,java.util.Map,byte[]) -> b
    void zzb(java.util.Map,int) -> b
    void zzdh(java.lang.String) -> b
    void zzsj() -> b
    void zzdi(java.lang.String) -> c
    boolean zzsk() -> c
com.google.android.gms.internal.ads.zzamz -> com.google.android.gms.internal.ads.kc:
    java.util.Map zzbpq -> c
    java.lang.String zzcva -> a
    byte[] zzcvb -> d
    java.lang.String zzzo -> b
    void zza(android.util.JsonWriter) -> a